{"level":"info","message":"MongoDb connected successfuly...","timestamp":"2021-06-01T13:57:58.326Z"}
{"level":"info","message":"App is listening on url http://localhost:3000","timestamp":"2021-06-01T13:59:05.850Z"}
{"level":"info","message":"MongoDb connected successfuly...","timestamp":"2021-06-01T13:59:05.874Z"}
{"level":"info","message":"MongoDb connected successfuly...","timestamp":"2021-06-01T14:00:25.714Z"}
{"level":"info","message":"MongoDb connected successfuly...","timestamp":"2021-06-01T14:01:02.207Z"}
{"level":"info","message":"MongoDb connected successfuly...","timestamp":"2021-06-01T14:39:41.705Z"}
{"level":"info","message":"MongoDb connected successfuly...","timestamp":"2021-06-01T14:44:29.622Z"}
{"level":"info","message":"MongoDb connected successfuly...","timestamp":"2021-06-01T14:45:58.966Z"}
{"level":"info","message":"MongoDb connected successfuly...","timestamp":"2021-06-01T14:46:20.321Z"}
{"level":"info","message":"MongoDb connected successfuly...","timestamp":"2021-06-01T14:46:28.074Z"}
{"level":"info","message":"MongoDb connected successfuly...","timestamp":"2021-06-01T14:54:07.301Z"}
{"level":"info","message":"MongoDb connected successfuly...","timestamp":"2021-06-01T14:54:33.472Z"}
{"level":"info","message":"MongoDb connected successfuly...","timestamp":"2021-06-01T14:56:01.127Z"}
{"level":"info","message":"MongoDb connected successfuly...","timestamp":"2021-06-01T14:56:37.313Z"}
{"level":"info","message":"MongoDb connected successfuly...","timestamp":"2021-06-01T14:57:05.752Z"}
{"level":"info","message":"MongoDb connected successfuly...","timestamp":"2021-06-01T14:57:17.587Z"}
{"level":"info","message":"MongoDb connected successfuly...","timestamp":"2021-06-01T14:57:45.350Z"}
{"level":"info","message":"MongoDb connected successfuly...","timestamp":"2021-06-01T14:58:41.784Z"}
{"level":"info","message":"MongoDb connected successfuly...","timestamp":"2021-06-02T09:08:18.634Z"}
{"level":"info","message":"MongoDb connected successfuly...","timestamp":"2021-06-02T10:01:23.933Z"}
{"level":"info","message":"MongoDb connected successfuly...","timestamp":"2021-06-02T10:02:29.170Z"}
{"level":"info","message":"MongoDb connected successfuly...","timestamp":"2021-06-02T10:04:28.209Z"}
{"level":"info","message":"MongoDb connected successfuly...","timestamp":"2021-06-02T10:06:14.517Z"}
{"level":"info","message":"MongoDb connected successfuly...","timestamp":"2021-06-02T10:09:23.153Z"}
{"level":"info","message":"MongoDb connected successfuly...","timestamp":"2021-06-02T11:04:44.472Z"}
{"level":"info","message":"MongoDb connected successfuly...","timestamp":"2021-06-02T11:05:11.969Z"}
{"level":"info","message":"MongoDb connected successfuly...","timestamp":"2021-06-02T12:42:11.347Z"}
{"level":"info","message":"MongoDb connected successfuly...","timestamp":"2021-06-02T12:54:43.109Z"}
{"level":"info","message":"MongoDb connected successfuly...","timestamp":"2021-06-02T12:58:06.032Z"}
{"level":"info","message":"MongoDb connected successfuly...","timestamp":"2021-06-02T13:02:19.632Z"}
{"level":"info","message":"MongoDb connected successfuly...","timestamp":"2021-06-02T13:16:31.869Z"}
{"level":"info","message":"MongoDb connected successfuly...","timestamp":"2021-06-02T13:27:53.339Z"}
{"level":"info","message":"MongoDb connected successfuly...","timestamp":"2021-06-02T13:28:31.461Z"}
{"level":"info","message":"MongoDb connected successfuly...","timestamp":"2021-06-02T13:30:34.603Z"}
{"level":"info","message":"MongoDb connected successfuly...","timestamp":"2021-06-02T13:35:05.948Z"}
{"level":"info","message":"MongoDb connected successfuly...","timestamp":"2021-06-02T13:37:49.710Z"}
{"level":"info","message":"MongoDb connected successfuly...","timestamp":"2021-06-02T13:40:33.664Z"}
{"level":"info","message":"MongoDb connected successfuly...","timestamp":"2021-06-02T13:41:23.330Z"}
{"level":"info","message":"MongoDb connected successfuly...","timestamp":"2021-06-02T13:44:40.349Z"}
{"level":"info","message":"MongoDb connected successfuly...","timestamp":"2021-06-02T13:49:08.369Z"}
{"level":"info","message":"MongoDb connected successfuly...","timestamp":"2021-06-02T13:51:20.028Z"}
{"level":"info","message":"MongoDb connected successfuly...","timestamp":"2021-06-02T13:56:36.356Z"}
{"level":"info","message":"MongoDb connected successfuly...","timestamp":"2021-06-02T14:01:47.791Z"}
{"level":"info","message":"MongoDb connected successfuly...","timestamp":"2021-06-02T14:03:22.853Z"}
{"level":"info","message":"MongoDb connected successfuly...","timestamp":"2021-06-02T14:08:28.256Z"}
{"level":"info","message":"MongoDb connected successfuly...","timestamp":"2021-06-02T14:11:49.300Z"}
{"level":"info","message":"MongoDb connected successfuly...","timestamp":"2021-06-02T14:13:27.701Z"}
{"level":"info","message":"MongoDb connected successfuly...","timestamp":"2021-06-02T14:13:37.384Z"}
{"level":"info","message":"MongoDb connected successfuly...","timestamp":"2021-06-02T14:21:29.533Z"}
{"level":"info","message":"MongoDb connected successfuly...","timestamp":"2021-06-02T14:24:47.929Z"}
{"level":"info","message":"MongoDb connected successfuly...","timestamp":"2021-06-02T14:27:06.252Z"}
{"level":"info","message":"MongoDb connected successfuly...","timestamp":"2021-06-02T14:27:16.711Z"}
{"level":"info","message":"MongoDb connected successfuly...","timestamp":"2021-06-02T14:28:30.116Z"}
{"message":"error is not defined","stack":"ReferenceError: error is not defined\n    at setupTrade (C:\\data\\code\\CRUD\\controllers\\customerController.js:7:5)\n    at Layer.handle [as handle_request] (C:\\data\\code\\CRUD\\node_modules\\express\\lib\\router\\layer.js:95:5)\n    at next (C:\\data\\code\\CRUD\\node_modules\\express\\lib\\router\\route.js:137:13)\n    at Route.dispatch (C:\\data\\code\\CRUD\\node_modules\\express\\lib\\router\\route.js:112:3)\n    at Layer.handle [as handle_request] (C:\\data\\code\\CRUD\\node_modules\\express\\lib\\router\\layer.js:95:5)\n    at C:\\data\\code\\CRUD\\node_modules\\express\\lib\\router\\index.js:281:22\n    at Function.process_params (C:\\data\\code\\CRUD\\node_modules\\express\\lib\\router\\index.js:335:12)\n    at next (C:\\data\\code\\CRUD\\node_modules\\express\\lib\\router\\index.js:275:10)\n    at Function.handle (C:\\data\\code\\CRUD\\node_modules\\express\\lib\\router\\index.js:174:3)\n    at router (C:\\data\\code\\CRUD\\node_modules\\express\\lib\\router\\index.js:47:12)\n    at newFn (C:\\data\\code\\CRUD\\node_modules\\express-async-errors\\index.js:16:20)\n    at Layer.handle [as handle_request] (C:\\data\\code\\CRUD\\node_modules\\express\\lib\\router\\layer.js:95:5)\n    at trim_prefix (C:\\data\\code\\CRUD\\node_modules\\express\\lib\\router\\index.js:317:13)\n    at C:\\data\\code\\CRUD\\node_modules\\express\\lib\\router\\index.js:284:7\n    at Function.process_params (C:\\data\\code\\CRUD\\node_modules\\express\\lib\\router\\index.js:335:12)\n    at next (C:\\data\\code\\CRUD\\node_modules\\express\\lib\\router\\index.js:275:10)","level":"error","timestamp":"2021-06-02T14:29:00.236Z"}
{"level":"info","message":"MongoDb connected successfuly...","timestamp":"2021-06-02T14:29:43.315Z"}
{"level":"info","message":"MongoDb connected successfuly...","timestamp":"2021-06-02T15:35:53.937Z"}
{"level":"info","message":"MongoDb connected successfuly...","timestamp":"2021-06-02T15:51:53.820Z"}
{"level":"info","message":"MongoDb connected successfuly...","timestamp":"2021-06-03T07:05:59.351Z"}
{"level":"info","message":"MongoDb connected successfuly...","timestamp":"2021-06-03T07:08:57.909Z"}
{"level":"info","message":"MongoDb connected successfuly...","timestamp":"2021-06-03T07:11:45.472Z"}
{"level":"info","message":"MongoDb connected successfuly...","timestamp":"2021-06-03T07:15:21.304Z"}
{"level":"info","message":"MongoDb connected successfuly...","timestamp":"2021-06-03T08:04:29.404Z"}
{"level":"info","message":"MongoDb connected successfuly...","timestamp":"2021-06-03T08:06:22.360Z"}
{"level":"info","message":"MongoDb connected successfuly...","timestamp":"2021-06-03T08:06:26.785Z"}
{"level":"info","message":"MongoDb connected successfuly...","timestamp":"2021-06-03T08:24:02.822Z"}
{"level":"info","message":"MongoDb connected successfuly...","timestamp":"2021-06-03T08:25:16.266Z"}
{"level":"info","message":"MongoDb connected successfuly...","timestamp":"2021-06-03T08:26:52.139Z"}
{"level":"info","message":"MongoDb connected successfuly...","timestamp":"2021-06-03T08:37:24.386Z"}
{"level":"info","message":"MongoDb connected successfuly...","timestamp":"2021-06-03T08:37:59.004Z"}
{"level":"info","message":"MongoDb connected successfuly...","timestamp":"2021-06-03T08:38:22.919Z"}
{"level":"info","message":"MongoDb connected successfuly...","timestamp":"2021-06-03T08:39:27.326Z"}
{"level":"info","message":"MongoDb connected successfuly...","timestamp":"2021-06-03T08:39:54.451Z"}
{"level":"info","message":"MongoDb connected successfuly...","timestamp":"2021-06-04T13:57:43.456Z"}
{"level":"info","message":"MongoDb connected successfuly...","timestamp":"2021-06-04T14:04:02.503Z"}
{"level":"info","message":"MongoDb connected successfuly...","timestamp":"2021-06-04T14:04:47.650Z"}
{"level":"info","message":"MongoDb connected successfuly...","timestamp":"2021-06-04T14:06:57.186Z"}
{"level":"info","message":"MongoDb connected successfuly...","timestamp":"2021-06-04T14:07:28.914Z"}
{"level":"info","message":"MongoDb connected successfuly...","timestamp":"2021-06-04T14:07:41.590Z"}
{"level":"info","message":"MongoDb connected successfuly...","timestamp":"2021-06-04T14:08:20.838Z"}
{"level":"info","message":"MongoDb connected successfuly...","timestamp":"2021-06-04T14:10:03.546Z"}
{"level":"info","message":"MongoDb connected successfuly...","timestamp":"2021-06-04T14:10:05.224Z"}
{"level":"info","message":"MongoDb connected successfuly...","timestamp":"2021-06-04T14:10:41.246Z"}
{"level":"info","message":"MongoDb connected successfuly...","timestamp":"2021-06-04T14:10:42.802Z"}
{"level":"info","message":"MongoDb connected successfuly...","timestamp":"2021-06-04T14:10:45.232Z"}
{"level":"info","message":"MongoDb connected successfuly...","timestamp":"2021-06-04T14:11:55.893Z"}
{"level":"info","message":"MongoDb connected successfuly...","timestamp":"2021-06-04T14:13:55.256Z"}
{"level":"info","message":"MongoDb connected successfuly...","timestamp":"2021-06-04T14:47:40.214Z"}
{"level":"info","message":"MongoDb connected successfuly...","timestamp":"2021-06-07T13:36:37.999Z"}
{"level":"info","message":"MongoDb connected successfuly...","timestamp":"2021-06-07T13:45:07.639Z"}
{"level":"info","message":"MongoDb connected successfuly...","timestamp":"2021-06-07T13:45:15.413Z"}
{"level":"info","message":"MongoDb connected successfuly...","timestamp":"2021-06-07T13:49:29.070Z"}
{"level":"info","message":"MongoDb connected successfuly...","timestamp":"2021-06-07T13:49:44.404Z"}
{"level":"info","message":"MongoDb connected successfuly...","timestamp":"2021-06-07T13:50:02.779Z"}
{"level":"info","message":"MongoDb connected successfuly...","timestamp":"2021-06-07T13:52:16.805Z"}
{"level":"info","message":"MongoDb connected successfuly...","timestamp":"2021-06-07T13:52:26.649Z"}
{"level":"info","message":"MongoDb connected successfuly...","timestamp":"2021-06-07T13:52:37.044Z"}
{"level":"info","message":"MongoDb connected successfuly...","timestamp":"2021-06-07T14:11:31.352Z"}
{"level":"info","message":"MongoDb connected successfuly...","timestamp":"2021-06-07T14:12:56.839Z"}
{"level":"info","message":"MongoDb connected successfuly...","timestamp":"2021-06-07T14:52:17.716Z"}
{"level":"info","message":"MongoDb connected successfuly...","timestamp":"2021-06-07T15:05:04.072Z"}
{"level":"info","message":"MongoDb connected successfuly...","timestamp":"2021-06-07T15:07:44.176Z"}
{"level":"info","message":"MongoDb connected successfuly...","timestamp":"2021-06-08T14:48:08.918Z"}
{"level":"info","message":"MongoDb connected successfuly...","timestamp":"2021-06-08T14:49:37.730Z"}
{"level":"info","message":"MongoDb connected successfuly...","timestamp":"2021-06-08T14:51:36.787Z"}
{"level":"info","message":"MongoDb connected successfuly...","timestamp":"2021-06-08T14:55:29.619Z"}
{"level":"info","message":"MongoDb connected successfuly...","timestamp":"2021-06-08T14:55:55.115Z"}
{"level":"info","message":"MongoDb connected successfuly...","timestamp":"2021-06-08T14:59:30.108Z"}
{"level":"info","message":"MongoDb connected successfuly...","timestamp":"2021-07-07T06:40:41.708Z"}
{"level":"info","message":"MongoDb connected successfuly...","timestamp":"2021-07-07T06:54:01.845Z"}
{"level":"info","message":"MongoDb connected successfuly...","timestamp":"2021-07-07T07:00:55.443Z"}
{"level":"info","message":"MongoDb connected successfuly...","timestamp":"2021-07-07T07:08:24.436Z"}
{"level":"info","message":"MongoDb connected successfuly...","timestamp":"2021-07-07T07:16:21.189Z"}
{"level":"info","message":"MongoDb connected successfuly...","timestamp":"2021-07-07T07:20:40.921Z"}
{"level":"info","message":"MongoDb connected successfuly...","timestamp":"2021-07-07T07:21:45.125Z"}
{"level":"info","message":"MongoDb connected successfuly...","timestamp":"2021-07-07T07:23:00.695Z"}
{"level":"info","message":"MongoDb connected successfuly...","timestamp":"2021-07-07T07:23:02.056Z"}
{"level":"info","message":"MongoDb connected successfuly...","timestamp":"2021-07-07T07:25:09.203Z"}
{"level":"info","message":"MongoDb connected successfuly...","timestamp":"2021-07-07T07:28:46.812Z"}
{"level":"info","message":"MongoDb connected successfuly...","timestamp":"2021-07-07T07:29:30.207Z"}
{"level":"info","message":"MongoDb connected successfuly...","timestamp":"2021-07-07T07:30:12.159Z"}
{"level":"info","message":"MongoDb connected successfuly...","timestamp":"2021-07-07T07:36:52.547Z"}
{"level":"info","message":"MongoDb connected successfuly...","timestamp":"2021-07-07T07:40:23.960Z"}
{"level":"info","message":"MongoDb connected successfuly...","timestamp":"2021-07-07T07:44:15.407Z"}
{"level":"info","message":"MongoDb connected successfuly...","timestamp":"2021-07-07T08:15:06.223Z"}
{"level":"info","message":"MongoDb connected successfuly...","timestamp":"2021-07-07T08:17:39.000Z"}
{"level":"info","message":"MongoDb connected successfuly...","timestamp":"2021-07-07T08:55:34.227Z"}
{"level":"info","message":"MongoDb connected successfuly...","timestamp":"2021-07-07T08:59:19.932Z"}
{"level":"info","message":"MongoDb connected successfuly...","timestamp":"2021-07-07T09:00:48.143Z"}
{"level":"info","message":"MongoDb connected successfuly...","timestamp":"2021-07-07T09:02:20.913Z"}
{"level":"info","message":"MongoDb connected successfuly...","timestamp":"2021-07-07T09:03:10.800Z"}
{"level":"info","message":"MongoDb connected successfuly...","timestamp":"2021-07-07T09:03:22.533Z"}
{"level":"info","message":"MongoDb connected successfuly...","timestamp":"2021-07-07T09:03:27.167Z"}
{"level":"info","message":"MongoDb connected successfuly...","timestamp":"2021-07-07T09:04:22.331Z"}
{"level":"info","message":"MongoDb connected successfuly...","timestamp":"2021-07-07T09:05:55.496Z"}
{"level":"info","message":"MongoDb connected successfuly...","timestamp":"2021-07-07T09:06:19.852Z"}
{"level":"info","message":"MongoDb connected successfuly...","timestamp":"2021-07-07T09:07:11.522Z"}
{"level":"info","message":"MongoDb connected successfuly...","timestamp":"2021-07-07T09:09:37.998Z"}
{"level":"info","message":"MongoDb connected successfuly...","timestamp":"2021-07-07T09:12:07.639Z"}
{"level":"info","message":"MongoDb connected successfuly...","timestamp":"2021-07-07T09:13:35.150Z"}
{"level":"info","message":"MongoDb connected successfuly...","timestamp":"2021-07-07T09:14:34.952Z"}
{"level":"info","message":"MongoDb connected successfuly...","timestamp":"2021-07-07T09:17:27.896Z"}
{"level":"info","message":"MongoDb connected successfuly...","timestamp":"2021-07-07T09:18:37.369Z"}
{"level":"info","message":"MongoDb connected successfuly...","timestamp":"2021-07-07T09:20:52.653Z"}
{"level":"info","message":"MongoDb connected successfuly...","timestamp":"2021-07-07T09:21:15.332Z"}
{"level":"info","message":"MongoDb connected successfuly...","timestamp":"2021-07-07T09:21:53.203Z"}
{"level":"info","message":"MongoDb connected successfuly...","timestamp":"2021-07-07T09:22:26.994Z"}
{"level":"info","message":"MongoDb connected successfuly...","timestamp":"2021-07-07T09:35:15.753Z"}
{"level":"info","message":"MongoDb connected successfuly...","timestamp":"2021-07-07T09:56:10.570Z"}
{"level":"info","message":"MongoDb connected successfuly...","timestamp":"2021-07-07T10:04:03.841Z"}
{"level":"info","message":"MongoDb connected successfuly...","timestamp":"2021-07-07T11:41:52.556Z"}
{"level":"info","message":"MongoDb connected successfuly...","timestamp":"2021-07-07T11:43:11.248Z"}
{"level":"info","message":"MongoDb connected successfuly...","timestamp":"2021-07-07T11:44:12.832Z"}
{"message":"binance is not defined","stack":"ReferenceError: binance is not defined\n    at addOrder (C:\\data\\code\\CRUD\\controllers\\orderController.js:47:25)\n    at processTicksAndRejections (internal/process/task_queues.js:97:5)","level":"error","timestamp":"2021-07-07T11:47:42.039Z"}
{"level":"info","message":"MongoDb connected successfuly...","timestamp":"2021-07-07T11:48:11.647Z"}
{"level":"info","message":"MongoDb connected successfuly...","timestamp":"2021-07-07T12:02:51.790Z"}
{"level":"info","message":"MongoDb connected successfuly...","timestamp":"2021-07-07T12:03:34.018Z"}
{"level":"info","message":"MongoDb connected successfuly...","timestamp":"2021-07-07T12:10:35.505Z"}
{"level":"info","message":"MongoDb connected successfuly...","timestamp":"2021-07-07T12:19:57.040Z"}
{"level":"info","message":"MongoDb connected successfuly...","timestamp":"2021-07-07T12:27:51.986Z"}
{"level":"info","message":"MongoDb connected successfuly...","timestamp":"2021-07-07T12:55:40.582Z"}
{"level":"info","message":"MongoDb connected successfuly...","timestamp":"2021-07-07T12:56:14.501Z"}
{"level":"info","message":"MongoDb connected successfuly...","timestamp":"2021-07-07T13:05:31.194Z"}
{"level":"info","message":"MongoDb connected successfuly...","timestamp":"2021-07-07T13:09:48.188Z"}
{"level":"info","message":"MongoDb connected successfuly...","timestamp":"2021-07-07T13:23:37.968Z"}
{"message":"Cannot read property 'apiKey' of null","stack":"TypeError: Cannot read property 'apiKey' of null\n    at C:\\data\\code\\CRUD\\controllers\\orderController.js:60:25\n    at C:\\data\\code\\CRUD\\node_modules\\mongoose\\lib\\model.js:4868:18\n    at processTicksAndRejections (internal/process/task_queues.js:79:11)","level":"error","timestamp":"2021-07-07T13:29:03.522Z"}
{"level":"info","message":"MongoDb connected successfuly...","timestamp":"2021-07-07T13:39:54.876Z"}
{"message":"Cannot read property 'apiKey' of null","stack":"TypeError: Cannot read property 'apiKey' of null\n    at C:\\data\\code\\CRUD\\controllers\\orderController.js:60:25\n    at C:\\data\\code\\CRUD\\node_modules\\mongoose\\lib\\model.js:4868:18\n    at processTicksAndRejections (internal/process/task_queues.js:79:11)","level":"error","timestamp":"2021-07-07T13:41:10.320Z"}
{"level":"info","message":"MongoDb connected successfuly...","timestamp":"2021-07-07T13:41:44.920Z"}
{"message":"Cannot read property 'apiKey' of null","stack":"TypeError: Cannot read property 'apiKey' of null\n    at C:\\data\\code\\CRUD\\controllers\\orderController.js:60:25\n    at C:\\data\\code\\CRUD\\node_modules\\mongoose\\lib\\model.js:4868:18\n    at processTicksAndRejections (internal/process/task_queues.js:79:11)","level":"error","timestamp":"2021-07-07T13:42:14.652Z"}
{"level":"info","message":"MongoDb connected successfuly...","timestamp":"2021-07-07T13:42:34.674Z"}
{"message":"Cannot read property 'apiKey' of null","stack":"TypeError: Cannot read property 'apiKey' of null\n    at C:\\data\\code\\CRUD\\controllers\\orderController.js:60:25\n    at C:\\data\\code\\CRUD\\node_modules\\mongoose\\lib\\model.js:4868:18\n    at processTicksAndRejections (internal/process/task_queues.js:79:11)","level":"error","timestamp":"2021-07-07T13:42:48.512Z"}
{"level":"info","message":"MongoDb connected successfuly...","timestamp":"2021-07-07T13:43:54.810Z"}
{"message":"Assignment to constant variable.","stack":"TypeError: Assignment to constant variable.\n    at addOrder (C:\\data\\code\\CRUD\\controllers\\orderController.js:59:17)\n    at processTicksAndRejections (internal/process/task_queues.js:97:5)","level":"error","timestamp":"2021-07-07T13:44:27.664Z"}
{"level":"info","message":"MongoDb connected successfuly...","timestamp":"2021-07-07T13:44:56.315Z"}
{"message":"Assignment to constant variable.","stack":"TypeError: Assignment to constant variable.\n    at addOrder (C:\\data\\code\\CRUD\\controllers\\orderController.js:59:17)\n    at processTicksAndRejections (internal/process/task_queues.js:97:5)","level":"error","timestamp":"2021-07-07T13:45:01.261Z"}
{"level":"info","message":"MongoDb connected successfuly...","timestamp":"2021-07-07T13:47:05.897Z"}
{"message":"Cannot read property 'apiKey' of null","stack":"TypeError: Cannot read property 'apiKey' of null\n    at C:\\data\\code\\CRUD\\controllers\\orderController.js:60:26\n    at C:\\data\\code\\CRUD\\node_modules\\mongoose\\lib\\model.js:4868:18\n    at processTicksAndRejections (internal/process/task_queues.js:79:11)","level":"error","timestamp":"2021-07-07T13:47:13.735Z"}
{"level":"info","message":"MongoDb connected successfuly...","timestamp":"2021-07-07T13:47:42.360Z"}
{"message":"Cannot read property 'apiKey' of null","stack":"TypeError: Cannot read property 'apiKey' of null\n    at C:\\data\\code\\CRUD\\controllers\\orderController.js:60:26\n    at C:\\data\\code\\CRUD\\node_modules\\mongoose\\lib\\model.js:4868:18\n    at processTicksAndRejections (internal/process/task_queues.js:79:11)","level":"error","timestamp":"2021-07-07T13:47:57.758Z"}
{"level":"info","message":"MongoDb connected successfuly...","timestamp":"2021-07-07T13:48:55.118Z"}
{"message":"resp is not defined","stack":"ReferenceError: resp is not defined\n    at addOrder (C:\\data\\code\\CRUD\\controllers\\orderController.js:60:21)\n    at processTicksAndRejections (internal/process/task_queues.js:97:5)","level":"error","timestamp":"2021-07-07T13:48:59.816Z"}
{"level":"info","message":"MongoDb connected successfuly...","timestamp":"2021-07-07T13:50:08.744Z"}
{"message":"Assignment to constant variable.","stack":"TypeError: Assignment to constant variable.\n    at addOrder (C:\\data\\code\\CRUD\\controllers\\orderController.js:59:17)\n    at processTicksAndRejections (internal/process/task_queues.js:97:5)","level":"error","timestamp":"2021-07-07T13:50:26.444Z"}
{"level":"info","message":"MongoDb connected successfuly...","timestamp":"2021-07-07T13:51:03.965Z"}
{"level":"info","message":"MongoDb connected successfuly...","timestamp":"2021-07-07T13:54:51.816Z"}
{"level":"info","message":"MongoDb connected successfuly...","timestamp":"2021-07-07T13:58:16.273Z"}
{"level":"info","message":"MongoDb connected successfuly...","timestamp":"2021-07-07T13:59:44.580Z"}
{"level":"info","message":"MongoDb connected successfuly...","timestamp":"2021-07-07T14:03:52.349Z"}
{"level":"info","message":"MongoDb connected successfuly...","timestamp":"2021-07-07T14:11:15.715Z"}
{"level":"info","message":"MongoDb connected successfuly...","timestamp":"2021-07-07T15:04:23.100Z"}
{"message":"respon is not defined","stack":"ReferenceError: respon is not defined\n    at addOrder (C:\\data\\code\\CRUD\\controllers\\orderController.js:65:37)\n    at processTicksAndRejections (internal/process/task_queues.js:97:5)","level":"error","timestamp":"2021-07-07T15:06:45.779Z"}
{"level":"info","message":"MongoDb connected successfuly...","timestamp":"2021-07-07T15:11:44.606Z"}
{"level":"info","message":"MongoDb connected successfuly...","timestamp":"2021-07-08T06:27:43.072Z"}
{"message":"respon is not defined","stack":"ReferenceError: respon is not defined\n    at addOrder (C:\\data\\code\\CRUD\\controllers\\orderController.js:67:37)\n    at processTicksAndRejections (internal/process/task_queues.js:97:5)","level":"error","timestamp":"2021-07-08T06:30:05.625Z"}
{"level":"info","message":"MongoDb connected successfuly...","timestamp":"2021-07-08T06:31:53.467Z"}
{"level":"info","message":"MongoDb connected successfuly...","timestamp":"2021-07-08T06:36:19.213Z"}
{"level":"info","message":"MongoDb connected successfuly...","timestamp":"2021-07-08T07:05:26.116Z"}
{"level":"info","message":"MongoDb connected successfuly...","timestamp":"2021-07-08T07:10:14.065Z"}
{"level":"info","message":"MongoDb connected successfuly...","timestamp":"2021-07-08T07:10:24.888Z"}
{"level":"info","message":"MongoDb connected successfuly...","timestamp":"2021-07-08T07:19:05.499Z"}
{"level":"info","message":"MongoDb connected successfuly...","timestamp":"2021-07-08T07:32:57.614Z"}
{"level":"info","message":"MongoDb connected successfuly...","timestamp":"2021-07-08T07:38:06.589Z"}
{"level":"info","message":"MongoDb connected successfuly...","timestamp":"2021-07-08T07:39:05.313Z"}
{"level":"info","message":"MongoDb connected successfuly...","timestamp":"2021-07-08T07:39:53.298Z"}
{"level":"info","message":"MongoDb connected successfuly...","timestamp":"2021-07-08T07:43:05.228Z"}
{"level":"info","message":"MongoDb connected successfuly...","timestamp":"2021-07-08T07:45:09.906Z"}
{"level":"info","message":"MongoDb connected successfuly...","timestamp":"2021-07-08T07:45:24.512Z"}
{"message":"Cast to ObjectId failed for value \"{ _id: '' }\" (type Object) at path \"_id\" for model \"Conf\"","stack":"CastError: Cast to ObjectId failed for value \"{ _id: '' }\" (type Object) at path \"_id\" for model \"Conf\"\n    at model.Query.exec (C:\\data\\code\\CRUD\\node_modules\\mongoose\\lib\\query.js:4473:21)\n    at addOrder (C:\\data\\code\\CRUD\\controllers\\orderController.js:64:56)\n    at processTicksAndRejections (internal/process/task_queues.js:97:5)","stringValue":"\"{ _id: '' }\"","kind":"ObjectId","value":{"_id":""},"path":"_id","reason":{},"valueType":"Object","level":"error","timestamp":"2021-07-08T08:09:00.250Z"}
{"level":"info","message":"MongoDb connected successfuly...","timestamp":"2021-07-08T08:11:12.604Z"}
{"message":"Cast to ObjectId failed for value \"{ _id: '' }\" (type Object) at path \"_id\" for model \"Conf\"","stack":"CastError: Cast to ObjectId failed for value \"{ _id: '' }\" (type Object) at path \"_id\" for model \"Conf\"\n    at model.Query.exec (C:\\data\\code\\CRUD\\node_modules\\mongoose\\lib\\query.js:4473:21)\n    at addOrder (C:\\data\\code\\CRUD\\controllers\\orderController.js:66:56)\n    at processTicksAndRejections (internal/process/task_queues.js:97:5)","stringValue":"\"{ _id: '' }\"","kind":"ObjectId","value":{"_id":""},"path":"_id","reason":{},"valueType":"Object","level":"error","timestamp":"2021-07-08T08:11:25.198Z"}
{"level":"info","message":"MongoDb connected successfuly...","timestamp":"2021-07-08T08:12:07.824Z"}
{"message":"Cannot read property 'apiKey' of undefined","stack":"TypeError: Cannot read property 'apiKey' of undefined\n    at addOrder (C:\\data\\code\\CRUD\\controllers\\orderController.js:74:22)\n    at processTicksAndRejections (internal/process/task_queues.js:97:5)","level":"error","timestamp":"2021-07-08T08:12:11.975Z"}
{"level":"info","message":"MongoDb connected successfuly...","timestamp":"2021-07-08T11:23:42.751Z"}
{"level":"info","message":"MongoDb connected successfuly...","timestamp":"2021-07-08T11:24:10.415Z"}
{"level":"info","message":"MongoDb connected successfuly...","timestamp":"2021-07-08T11:24:48.079Z"}
{"level":"info","message":"MongoDb connected successfuly...","timestamp":"2021-07-08T11:25:38.099Z"}
{"level":"info","message":"MongoDb connected successfuly...","timestamp":"2021-07-08T11:26:19.956Z"}
{"level":"info","message":"MongoDb connected successfuly...","timestamp":"2021-07-08T13:18:19.458Z"}
{"level":"info","message":"MongoDb connected successfuly...","timestamp":"2021-07-08T13:58:04.124Z"}
{"level":"info","message":"MongoDb connected successfuly...","timestamp":"2021-07-08T13:59:12.007Z"}
{"level":"info","message":"MongoDb connected successfuly...","timestamp":"2021-07-08T14:11:34.517Z"}
{"level":"info","message":"MongoDb connected successfuly...","timestamp":"2021-07-08T14:14:46.258Z"}
{"level":"info","message":"MongoDb connected successfuly...","timestamp":"2021-07-08T14:38:20.985Z"}
{"level":"info","message":"MongoDb connected successfuly...","timestamp":"2021-07-08T14:41:06.440Z"}
{"level":"info","message":"MongoDb connected successfuly...","timestamp":"2021-07-08T15:10:00.179Z"}
{"level":"info","message":"MongoDb connected successfuly...","timestamp":"2021-07-08T15:10:24.766Z"}
